{"C:\\Users\\27765\\Documents\\University Work\\3rd year\\Software Design\\Impulse\\Impulse\\src\\script.js": {"path":"C:\\Users\\27765\\Documents\\University Work\\3rd year\\Software Design\\Impulse\\Impulse\\src\\script.js","statementMap":{"0":{"start":{"line":2,"column":4},"end":{"line":2,"column":17}},"1":{"start":{"line":6,"column":0},"end":{"line":6,"column":30}}},"fnMap":{"0":{"name":"multiply","decl":{"start":{"line":1,"column":9},"end":{"line":1,"column":17}},"loc":{"start":{"line":1,"column":24},"end":{"line":3,"column":1}},"line":1}},"branchMap":{},"s":{"0":2,"1":1},"f":{"0":2},"b":{},"_coverageSchema":"1a1c01bbd47fc00a2c39e90264f33305004495a9","hash":"fa0ba2acf1a43e5204913d70243d32449ea08d08"}
}
