{"C:\\Users\\lldap\\Desktop\\impulse2.0\\Impulse\\public\\js_files\\script.js": {"path":"C:\\Users\\lldap\\Desktop\\impulse2.0\\Impulse\\public\\js_files\\script.js","statementMap":{"0":{"start":{"line":2,"column":4},"end":{"line":2,"column":17}},"1":{"start":{"line":6,"column":0},"end":{"line":6,"column":30}}},"fnMap":{"0":{"name":"multiply","decl":{"start":{"line":1,"column":9},"end":{"line":1,"column":17}},"loc":{"start":{"line":1,"column":24},"end":{"line":3,"column":1}},"line":1}},"branchMap":{},"s":{"0":2,"1":1},"f":{"0":2},"b":{},"_coverageSchema":"1a1c01bbd47fc00a2c39e90264f33305004495a9","hash":"f792ecda78c3f9a60e084991d5965e2599b658ee"}
}
