TN:
SF:api/boilerplate.js
FN:16,dbRequest
FNF:1
FNH:1
FNDA:2,dbRequest
DA:1,5
DA:4,5
DA:17,2
DA:19,2
DA:22,2
DA:28,1
DA:29,1
DA:31,1
DA:32,1
DA:36,5
LF:10
LH:10
BRF:0
BRH:0
end_of_record
TN:
SF:api/carwash/carwash.js
FN:6,(anonymous_0)
FN:8,(anonymous_1)
FN:14,(anonymous_2)
FN:25,(anonymous_3)
FN:31,(anonymous_4)
FN:40,(anonymous_5)
FNF:6
FNH:6
FNDA:1,(anonymous_0)
FNDA:1,(anonymous_1)
FNDA:2,(anonymous_2)
FNDA:1,(anonymous_3)
FNDA:1,(anonymous_4)
FNDA:1,(anonymous_5)
DA:1,1
DA:2,1
DA:3,1
DA:6,1
DA:7,1
DA:9,1
DA:14,1
DA:15,2
DA:17,2
DA:18,1
DA:19,1
DA:22,1
DA:24,1
DA:26,1
DA:31,1
DA:32,1
DA:33,1
DA:34,0
DA:35,0
DA:38,1
DA:39,1
DA:41,1
DA:45,1
LF:23
LH:21
BRDA:17,0,0,1
BRDA:17,0,1,1
BRDA:17,1,0,2
BRDA:17,1,1,2
BRDA:17,1,2,2
BRDA:17,1,3,1
BRDA:33,2,0,0
BRDA:33,2,1,1
BRF:8
BRH:7
end_of_record
TN:
SF:api/feedback/feedback.js
FN:6,(anonymous_0)
FN:8,(anonymous_1)
FN:14,(anonymous_2)
FN:23,(anonymous_3)
FN:30,(anonymous_4)
FN:41,(anonymous_5)
FN:47,(anonymous_6)
FN:56,(anonymous_7)
FNF:8
FNH:8
FNDA:1,(anonymous_0)
FNDA:1,(anonymous_1)
FNDA:1,(anonymous_2)
FNDA:1,(anonymous_3)
FNDA:2,(anonymous_4)
FNDA:1,(anonymous_5)
FNDA:1,(anonymous_6)
FNDA:1,(anonymous_7)
DA:1,1
DA:2,1
DA:3,1
DA:6,1
DA:7,1
DA:9,1
DA:14,1
DA:15,1
DA:16,1
DA:17,0
DA:18,0
DA:21,1
DA:22,1
DA:25,1
DA:30,1
DA:31,2
DA:33,2
DA:34,1
DA:35,1
DA:38,1
DA:40,1
DA:42,1
DA:47,1
DA:48,1
DA:49,1
DA:50,0
DA:51,0
DA:54,1
DA:55,1
DA:57,1
DA:61,1
LF:31
LH:27
BRDA:16,0,0,0
BRDA:16,0,1,1
BRDA:33,1,0,1
BRDA:33,1,1,1
BRDA:33,2,0,2
BRDA:33,2,1,1
BRDA:33,2,2,1
BRDA:33,2,3,1
BRDA:49,3,0,0
BRDA:49,3,1,1
BRF:10
BRH:8
end_of_record
TN:
SF:api/meals/meals.js
FN:6,(anonymous_0)
FN:8,(anonymous_1)
FN:14,(anonymous_2)
FN:25,(anonymous_3)
FN:31,(anonymous_4)
FN:40,(anonymous_5)
FNF:6
FNH:6
FNDA:1,(anonymous_0)
FNDA:1,(anonymous_1)
FNDA:2,(anonymous_2)
FNDA:1,(anonymous_3)
FNDA:1,(anonymous_4)
FNDA:1,(anonymous_5)
DA:1,1
DA:2,1
DA:3,1
DA:6,1
DA:7,1
DA:9,1
DA:14,1
DA:15,2
DA:17,2
DA:18,1
DA:19,1
DA:22,1
DA:24,1
DA:26,1
DA:31,1
DA:32,1
DA:33,1
DA:34,0
DA:35,0
DA:38,1
DA:39,1
DA:41,1
DA:45,1
LF:23
LH:21
BRDA:17,0,0,1
BRDA:17,0,1,1
BRDA:17,1,0,2
BRDA:17,1,1,2
BRDA:17,1,2,2
BRDA:17,1,3,1
BRDA:33,2,0,0
BRDA:33,2,1,1
BRF:8
BRH:7
end_of_record
TN:
SF:api/users/users.js
FN:6,(anonymous_0)
FN:15,(anonymous_1)
FN:29,(anonymous_2)
FNF:3
FNH:3
FNDA:1,(anonymous_0)
FNDA:2,(anonymous_1)
FNDA:1,(anonymous_2)
DA:2,1
DA:3,1
DA:4,1
DA:6,1
DA:7,1
DA:8,1
DA:9,1
DA:11,0
DA:15,1
DA:16,2
DA:17,2
DA:18,1
DA:21,1
DA:22,1
DA:23,1
DA:25,0
DA:29,1
DA:30,1
DA:31,1
DA:32,0
DA:35,1
DA:36,1
DA:37,1
DA:39,0
DA:43,1
LF:25
LH:21
BRDA:17,0,0,1
BRDA:17,0,1,1
BRDA:17,1,0,2
BRDA:17,1,1,2
BRDA:17,1,2,2
BRDA:17,1,3,1
BRDA:17,1,4,1
BRDA:31,2,0,0
BRDA:31,2,1,1
BRF:9
BRH:8
end_of_record
